2021-02-05 02:25:00,135 INFO raft peers changed: [Member{ip='192.168.2.1', port=8848, state=UP, extendInfo={raftPort=7848}}]

2021-02-05 02:25:00,164 INFO initializing Raft sub-system

2021-02-05 02:25:00,164 INFO finish loading all datums, size: 0 cost 0 ms.

2021-02-05 02:25:00,168 INFO cache loaded, datum count: 0, current term: 0

2021-02-05 02:25:00,168 INFO finish to load data from disk, cost: 4 ms.

2021-02-05 02:25:00,172 INFO timer started: leader timeout ms: 15000, heart-beat timeout ms: 5000

2021-02-05 02:25:00,696 INFO add listener: com.alibaba.nacos.naming.domains.meta.00-00---000-NACOS_SWITCH_DOMAIN-000---00-00

2021-02-05 02:25:00,715 INFO add listener: com.alibaba.nacos.naming.domains.meta.

2021-02-05 02:25:02,706 INFO leader timeout, start voting,leader: {"ip":"192.168.2.1:8848","term":0,"leaderDueMs":19028,"heartbeatDueMs":4500,"state":"FOLLOWER"}, term: 0

2021-02-05 02:25:05,121 WARN start to close old raft protocol!!!

2021-02-05 02:25:05,121 WARN stop old raft protocol task for notifier

2021-02-05 02:25:05,122 WARN stop old raft protocol task for master task

2021-02-05 02:25:05,122 WARN stop old raft protocol task for heartbeat task

2021-02-05 02:25:05,122 WARN clean old cache datum for old raft

2021-02-05 02:25:05,122 WARN start to close old raft protocol!!!

2021-02-05 02:25:05,122 WARN stop old raft protocol task for notifier

2021-02-05 02:25:05,122 WARN stop old raft protocol task for master task

2021-02-05 02:25:05,122 WARN stop old raft protocol task for heartbeat task

2021-02-05 02:25:05,122 WARN clean old cache datum for old raft

2021-02-05 02:25:05,122 WARN start to move old raft protocol metadata

2021-02-05 02:25:05,128 WARN start to move old raft protocol metadata

2021-02-05 02:25:05,129 INFO raft peers changed: [Member{ip='192.168.2.1', port=8848, state=UP, extendInfo={lastRefreshTime=1612463105128, raftPort=7848, version=1.4.1}}]

2021-02-05 02:27:11,191 INFO add listener: com.alibaba.nacos.naming.iplist.public##DEFAULT_GROUP@@lejing-coupon

2021-02-05 02:27:19,300 INFO add listener: com.alibaba.nacos.naming.iplist.public##DEFAULT_GROUP@@lejing-member

