2021-02-02 01:28:25,934 INFO raft peers changed: [Member{ip='192.168.2.1', port=8848, state=UP, extendInfo={raftPort=7848}}]

2021-02-02 01:28:25,961 INFO initializing Raft sub-system

2021-02-02 01:28:25,962 INFO finish loading all datums, size: 0 cost 1 ms.

2021-02-02 01:28:25,964 INFO cache loaded, datum count: 0, current term: 0

2021-02-02 01:28:25,964 INFO finish to load data from disk, cost: 3 ms.

2021-02-02 01:28:25,968 INFO timer started: leader timeout ms: 15000, heart-beat timeout ms: 5000

2021-02-02 01:28:26,499 INFO add listener: com.alibaba.nacos.naming.domains.meta.00-00---000-NACOS_SWITCH_DOMAIN-000---00-00

2021-02-02 01:28:26,515 INFO add listener: com.alibaba.nacos.naming.domains.meta.

2021-02-02 01:28:30,923 WARN start to close old raft protocol!!!

2021-02-02 01:28:30,923 WARN stop old raft protocol task for notifier

2021-02-02 01:28:30,923 WARN stop old raft protocol task for master task

2021-02-02 01:28:30,923 WARN stop old raft protocol task for heartbeat task

2021-02-02 01:28:30,923 WARN clean old cache datum for old raft

2021-02-02 01:28:30,923 WARN start to close old raft protocol!!!

2021-02-02 01:28:30,923 WARN stop old raft protocol task for notifier

2021-02-02 01:28:30,923 WARN stop old raft protocol task for master task

2021-02-02 01:28:30,923 WARN stop old raft protocol task for heartbeat task

2021-02-02 01:28:30,923 WARN clean old cache datum for old raft

2021-02-02 01:28:30,923 WARN start to move old raft protocol metadata

2021-02-02 01:28:30,927 WARN start to move old raft protocol metadata

2021-02-02 01:28:30,927 INFO raft peers changed: [Member{ip='192.168.2.1', port=8848, state=UP, extendInfo={lastRefreshTime=1612200510927, raftPort=7848, version=1.4.1}}]

2021-02-02 01:29:03,146 INFO add listener: com.alibaba.nacos.naming.iplist.public##DEFAULT_GROUP@@lejing-member

2021-02-02 01:29:49,261 INFO add listener: com.alibaba.nacos.naming.iplist.public##DEFAULT_GROUP@@lejing-coupon

